<?xml version="1.0" encoding="UTF-8"?>
<testsuites name="OrangeHRM_TestSuite_Search_002" time="33.718" tests="12" failures="0" errors="0">
   <testsuite name="OrangeHRM_TestSuite_Search_002" tests="12" failures="0" errors="0" time="33.718" skipped="0" timestamp="27-01-2024T19:35:30" hostname="racericon - racer" id="Test Suites/OrangeHRM_TestSuite/DataDrivenTests/OrangeHRM_TestSuite_Search_002">
      <properties>
         <property name="deviceName" value=""/>
         <property name="devicePlatform" value=""/>
         <property name="logFolder" value="/home/racericon/git/SI-GuidedProject-704078-1704718618/Reports/20240127_193528/OrangeHRM_TestSuite/DataDrivenTests/OrangeHRM_TestSuite_Search_002/20240127_193528"/>
         <property name="logFiles" value="/home/racericon/git/SI-GuidedProject-704078-1704718618/Reports/20240127_193528/OrangeHRM_TestSuite/DataDrivenTests/OrangeHRM_TestSuite_Search_002/20240127_193528/execution0.log"/>
         <property name="attachments" value=""/>
         <property name="hostName" value="racericon - racer"/>
         <property name="os" value="Linux 64bit"/>
         <property name="katalonVersion" value="9.1.0.212"/>
         <property name="browser" value="Firefox 115.0"/>
         <property name="hostAddress" value="127.0.1.1"/>
         <property name="sessionId" value="02180f87-1102-4ea6-bc60-8559688ae0c2"/>
         <property name="seleniumVersion" value="3.141.59"/>
         <property name="proxyInformation" value="ProxyInformation { proxyOption=NO_PROXY, proxyServerType=HTTP, username=, password=********, proxyServerAddress=, proxyServerPort=0, executionList=&quot;&quot;, isApplyToDesiredCapabilities=true }"/>
         <property name="platform" value="Linux"/>
      </properties>
      <testcase name="Test Cases/Data Driven/TC_OrangeHRM_Search_004" time="1.798" classname="Test Cases/Data Driven/TC_OrangeHRM_Search_004" status="PASSED">
         <system-out><![CDATA[27-01-2024T19:35:43 - [TEST_CASE][PASSED] - Test Cases/Data Driven/TC_OrangeHRM_Search_004: Test Cases/Data Driven/TC_OrangeHRM_Search_004

27-01-2024T19:35:43 - [TEST_STEP][PASSED] - Start setup action : setupTestCase: Method 'setupTestCase' complete successfully

27-01-2024T19:35:43 - [TEST_STEP][PASSED] - commonUtils.Utils.clearText(findTestObject("OrangeHRMPages/OrangeHRM_Search_OR/input_Admin_oxd-input oxd-input--focus")): commonUtils.Utils.clearText is PASSED

27-01-2024T19:35:43 - [MESSAGE][PASSED] - Keys 'CONTROL + a' sent to object: 'Object Repository/OrangeHRMPages/OrangeHRM_Search_OR/input_Admin_oxd-input oxd-input--focus'

27-01-2024T19:35:44 - [MESSAGE][PASSED] - Keys 'BACK_SPACE + ' sent to object: 'Object Repository/OrangeHRMPages/OrangeHRM_Search_OR/input_Admin_oxd-input oxd-input--focus'

27-01-2024T19:35:44 - [MESSAGE][PASSED] - commonUtils.Utils.clearText is PASSED

27-01-2024T19:35:44 - [MESSAGE][PASSED] - Method 'setupTestCase' complete successfully

27-01-2024T19:35:44 - [TEST_STEP][PASSED] - setText(findTestObject("Object Repository/OrangeHRMPages/OrangeHRM_Search_OR/input_Admin_oxd-input oxd-input--focus"), searchItem): Text 'Admin' is set on object 'Object Repository/OrangeHRMPages/OrangeHRM_Search_OR/input_Admin_oxd-input oxd-input--focus'

27-01-2024T19:35:44 - [MESSAGE][PASSED] - Text 'Admin' is set on object 'Object Repository/OrangeHRMPages/OrangeHRM_Search_OR/input_Admin_oxd-input oxd-input--focus'

27-01-2024T19:35:44 - [TEST_STEP][PASSED] - verifyElementText(findTestObject("Object Repository/OrangeHRMPages/OrangeHRM_Search_OR/span_search"), searchItem): Actual text and expected text of test object 'Object Repository/OrangeHRMPages/OrangeHRM_Search_OR/span_search' are matched.

27-01-2024T19:35:45 - [MESSAGE][PASSED] - Actual text and expected text of test object 'Object Repository/OrangeHRMPages/OrangeHRM_Search_OR/span_search' are matched.]]></system-out>
         <system-err><![CDATA[]]></system-err>
      </testcase>
      <testcase name="Test Cases/Data Driven/TC_OrangeHRM_Search_004" time="1.709" classname="Test Cases/Data Driven/TC_OrangeHRM_Search_004" status="PASSED">
         <system-out><![CDATA[27-01-2024T19:35:45 - [TEST_CASE][PASSED] - Test Cases/Data Driven/TC_OrangeHRM_Search_004: Test Cases/Data Driven/TC_OrangeHRM_Search_004

27-01-2024T19:35:45 - [TEST_STEP][PASSED] - Start setup action : setupTestCase: Method 'setupTestCase' complete successfully

27-01-2024T19:35:45 - [TEST_STEP][PASSED] - commonUtils.Utils.clearText(findTestObject("OrangeHRMPages/OrangeHRM_Search_OR/input_Admin_oxd-input oxd-input--focus")): commonUtils.Utils.clearText is PASSED

27-01-2024T19:35:45 - [MESSAGE][PASSED] - Keys 'CONTROL + a' sent to object: 'Object Repository/OrangeHRMPages/OrangeHRM_Search_OR/input_Admin_oxd-input oxd-input--focus'

27-01-2024T19:35:45 - [MESSAGE][PASSED] - Keys 'BACK_SPACE + ' sent to object: 'Object Repository/OrangeHRMPages/OrangeHRM_Search_OR/input_Admin_oxd-input oxd-input--focus'

27-01-2024T19:35:45 - [MESSAGE][PASSED] - commonUtils.Utils.clearText is PASSED

27-01-2024T19:35:45 - [MESSAGE][PASSED] - Method 'setupTestCase' complete successfully

27-01-2024T19:35:45 - [TEST_STEP][PASSED] - setText(findTestObject("Object Repository/OrangeHRMPages/OrangeHRM_Search_OR/input_Admin_oxd-input oxd-input--focus"), searchItem): Text 'PIM' is set on object 'Object Repository/OrangeHRMPages/OrangeHRM_Search_OR/input_Admin_oxd-input oxd-input--focus'

27-01-2024T19:35:46 - [MESSAGE][PASSED] - Text 'PIM' is set on object 'Object Repository/OrangeHRMPages/OrangeHRM_Search_OR/input_Admin_oxd-input oxd-input--focus'

27-01-2024T19:35:46 - [TEST_STEP][PASSED] - verifyElementText(findTestObject("Object Repository/OrangeHRMPages/OrangeHRM_Search_OR/span_search"), searchItem): Actual text and expected text of test object 'Object Repository/OrangeHRMPages/OrangeHRM_Search_OR/span_search' are matched.

27-01-2024T19:35:47 - [MESSAGE][PASSED] - Actual text and expected text of test object 'Object Repository/OrangeHRMPages/OrangeHRM_Search_OR/span_search' are matched.]]></system-out>
         <system-err><![CDATA[]]></system-err>
      </testcase>
      <testcase name="Test Cases/Data Driven/TC_OrangeHRM_Search_004" time="1.707" classname="Test Cases/Data Driven/TC_OrangeHRM_Search_004" status="PASSED">
         <system-out><![CDATA[27-01-2024T19:35:47 - [TEST_CASE][PASSED] - Test Cases/Data Driven/TC_OrangeHRM_Search_004: Test Cases/Data Driven/TC_OrangeHRM_Search_004

27-01-2024T19:35:47 - [TEST_STEP][PASSED] - Start setup action : setupTestCase: Method 'setupTestCase' complete successfully

27-01-2024T19:35:47 - [TEST_STEP][PASSED] - commonUtils.Utils.clearText(findTestObject("OrangeHRMPages/OrangeHRM_Search_OR/input_Admin_oxd-input oxd-input--focus")): commonUtils.Utils.clearText is PASSED

27-01-2024T19:35:47 - [MESSAGE][PASSED] - Keys 'CONTROL + a' sent to object: 'Object Repository/OrangeHRMPages/OrangeHRM_Search_OR/input_Admin_oxd-input oxd-input--focus'

27-01-2024T19:35:47 - [MESSAGE][PASSED] - Keys 'BACK_SPACE + ' sent to object: 'Object Repository/OrangeHRMPages/OrangeHRM_Search_OR/input_Admin_oxd-input oxd-input--focus'

27-01-2024T19:35:47 - [MESSAGE][PASSED] - commonUtils.Utils.clearText is PASSED

27-01-2024T19:35:47 - [MESSAGE][PASSED] - Method 'setupTestCase' complete successfully

27-01-2024T19:35:47 - [TEST_STEP][PASSED] - setText(findTestObject("Object Repository/OrangeHRMPages/OrangeHRM_Search_OR/input_Admin_oxd-input oxd-input--focus"), searchItem): Text 'Leave' is set on object 'Object Repository/OrangeHRMPages/OrangeHRM_Search_OR/input_Admin_oxd-input oxd-input--focus'

27-01-2024T19:35:48 - [MESSAGE][PASSED] - Text 'Leave' is set on object 'Object Repository/OrangeHRMPages/OrangeHRM_Search_OR/input_Admin_oxd-input oxd-input--focus'

27-01-2024T19:35:48 - [TEST_STEP][PASSED] - verifyElementText(findTestObject("Object Repository/OrangeHRMPages/OrangeHRM_Search_OR/span_search"), searchItem): Actual text and expected text of test object 'Object Repository/OrangeHRMPages/OrangeHRM_Search_OR/span_search' are matched.

27-01-2024T19:35:48 - [MESSAGE][PASSED] - Actual text and expected text of test object 'Object Repository/OrangeHRMPages/OrangeHRM_Search_OR/span_search' are matched.]]></system-out>
         <system-err><![CDATA[]]></system-err>
      </testcase>
      <testcase name="Test Cases/Data Driven/TC_OrangeHRM_Search_004" time="1.682" classname="Test Cases/Data Driven/TC_OrangeHRM_Search_004" status="PASSED">
         <system-out><![CDATA[27-01-2024T19:35:48 - [TEST_CASE][PASSED] - Test Cases/Data Driven/TC_OrangeHRM_Search_004: Test Cases/Data Driven/TC_OrangeHRM_Search_004

27-01-2024T19:35:48 - [TEST_STEP][PASSED] - Start setup action : setupTestCase: Method 'setupTestCase' complete successfully

27-01-2024T19:35:48 - [TEST_STEP][PASSED] - commonUtils.Utils.clearText(findTestObject("OrangeHRMPages/OrangeHRM_Search_OR/input_Admin_oxd-input oxd-input--focus")): commonUtils.Utils.clearText is PASSED

27-01-2024T19:35:49 - [MESSAGE][PASSED] - Keys 'CONTROL + a' sent to object: 'Object Repository/OrangeHRMPages/OrangeHRM_Search_OR/input_Admin_oxd-input oxd-input--focus'

27-01-2024T19:35:49 - [MESSAGE][PASSED] - Keys 'BACK_SPACE + ' sent to object: 'Object Repository/OrangeHRMPages/OrangeHRM_Search_OR/input_Admin_oxd-input oxd-input--focus'

27-01-2024T19:35:49 - [MESSAGE][PASSED] - commonUtils.Utils.clearText is PASSED

27-01-2024T19:35:49 - [MESSAGE][PASSED] - Method 'setupTestCase' complete successfully

27-01-2024T19:35:49 - [TEST_STEP][PASSED] - setText(findTestObject("Object Repository/OrangeHRMPages/OrangeHRM_Search_OR/input_Admin_oxd-input oxd-input--focus"), searchItem): Text 'Time' is set on object 'Object Repository/OrangeHRMPages/OrangeHRM_Search_OR/input_Admin_oxd-input oxd-input--focus'

27-01-2024T19:35:50 - [MESSAGE][PASSED] - Text 'Time' is set on object 'Object Repository/OrangeHRMPages/OrangeHRM_Search_OR/input_Admin_oxd-input oxd-input--focus'

27-01-2024T19:35:50 - [TEST_STEP][PASSED] - verifyElementText(findTestObject("Object Repository/OrangeHRMPages/OrangeHRM_Search_OR/span_search"), searchItem): Actual text and expected text of test object 'Object Repository/OrangeHRMPages/OrangeHRM_Search_OR/span_search' are matched.

27-01-2024T19:35:50 - [MESSAGE][PASSED] - Actual text and expected text of test object 'Object Repository/OrangeHRMPages/OrangeHRM_Search_OR/span_search' are matched.]]></system-out>
         <system-err><![CDATA[]]></system-err>
      </testcase>
      <testcase name="Test Cases/Data Driven/TC_OrangeHRM_Search_004" time="1.721" classname="Test Cases/Data Driven/TC_OrangeHRM_Search_004" status="PASSED">
         <system-out><![CDATA[27-01-2024T19:35:50 - [TEST_CASE][PASSED] - Test Cases/Data Driven/TC_OrangeHRM_Search_004: Test Cases/Data Driven/TC_OrangeHRM_Search_004

27-01-2024T19:35:50 - [TEST_STEP][PASSED] - Start setup action : setupTestCase: Method 'setupTestCase' complete successfully

27-01-2024T19:35:50 - [TEST_STEP][PASSED] - commonUtils.Utils.clearText(findTestObject("OrangeHRMPages/OrangeHRM_Search_OR/input_Admin_oxd-input oxd-input--focus")): commonUtils.Utils.clearText is PASSED

27-01-2024T19:35:50 - [MESSAGE][PASSED] - Keys 'CONTROL + a' sent to object: 'Object Repository/OrangeHRMPages/OrangeHRM_Search_OR/input_Admin_oxd-input oxd-input--focus'

27-01-2024T19:35:51 - [MESSAGE][PASSED] - Keys 'BACK_SPACE + ' sent to object: 'Object Repository/OrangeHRMPages/OrangeHRM_Search_OR/input_Admin_oxd-input oxd-input--focus'

27-01-2024T19:35:51 - [MESSAGE][PASSED] - commonUtils.Utils.clearText is PASSED

27-01-2024T19:35:51 - [MESSAGE][PASSED] - Method 'setupTestCase' complete successfully

27-01-2024T19:35:51 - [TEST_STEP][PASSED] - setText(findTestObject("Object Repository/OrangeHRMPages/OrangeHRM_Search_OR/input_Admin_oxd-input oxd-input--focus"), searchItem): Text 'Recruitment' is set on object 'Object Repository/OrangeHRMPages/OrangeHRM_Search_OR/input_Admin_oxd-input oxd-input--focus'

27-01-2024T19:35:51 - [MESSAGE][PASSED] - Text 'Recruitment' is set on object 'Object Repository/OrangeHRMPages/OrangeHRM_Search_OR/input_Admin_oxd-input oxd-input--focus'

27-01-2024T19:35:51 - [TEST_STEP][PASSED] - verifyElementText(findTestObject("Object Repository/OrangeHRMPages/OrangeHRM_Search_OR/span_search"), searchItem): Actual text and expected text of test object 'Object Repository/OrangeHRMPages/OrangeHRM_Search_OR/span_search' are matched.

27-01-2024T19:35:52 - [MESSAGE][PASSED] - Actual text and expected text of test object 'Object Repository/OrangeHRMPages/OrangeHRM_Search_OR/span_search' are matched.]]></system-out>
         <system-err><![CDATA[]]></system-err>
      </testcase>
      <testcase name="Test Cases/Data Driven/TC_OrangeHRM_Search_004" time="1.685" classname="Test Cases/Data Driven/TC_OrangeHRM_Search_004" status="PASSED">
         <system-out><![CDATA[27-01-2024T19:35:52 - [TEST_CASE][PASSED] - Test Cases/Data Driven/TC_OrangeHRM_Search_004: Test Cases/Data Driven/TC_OrangeHRM_Search_004

27-01-2024T19:35:52 - [TEST_STEP][PASSED] - Start setup action : setupTestCase: Method 'setupTestCase' complete successfully

27-01-2024T19:35:52 - [TEST_STEP][PASSED] - commonUtils.Utils.clearText(findTestObject("OrangeHRMPages/OrangeHRM_Search_OR/input_Admin_oxd-input oxd-input--focus")): commonUtils.Utils.clearText is PASSED

27-01-2024T19:35:52 - [MESSAGE][PASSED] - Keys 'CONTROL + a' sent to object: 'Object Repository/OrangeHRMPages/OrangeHRM_Search_OR/input_Admin_oxd-input oxd-input--focus'

27-01-2024T19:35:52 - [MESSAGE][PASSED] - Keys 'BACK_SPACE + ' sent to object: 'Object Repository/OrangeHRMPages/OrangeHRM_Search_OR/input_Admin_oxd-input oxd-input--focus'

27-01-2024T19:35:52 - [MESSAGE][PASSED] - commonUtils.Utils.clearText is PASSED

27-01-2024T19:35:52 - [MESSAGE][PASSED] - Method 'setupTestCase' complete successfully

27-01-2024T19:35:52 - [TEST_STEP][PASSED] - setText(findTestObject("Object Repository/OrangeHRMPages/OrangeHRM_Search_OR/input_Admin_oxd-input oxd-input--focus"), searchItem): Text 'My Info' is set on object 'Object Repository/OrangeHRMPages/OrangeHRM_Search_OR/input_Admin_oxd-input oxd-input--focus'

27-01-2024T19:35:53 - [MESSAGE][PASSED] - Text 'My Info' is set on object 'Object Repository/OrangeHRMPages/OrangeHRM_Search_OR/input_Admin_oxd-input oxd-input--focus'

27-01-2024T19:35:53 - [TEST_STEP][PASSED] - verifyElementText(findTestObject("Object Repository/OrangeHRMPages/OrangeHRM_Search_OR/span_search"), searchItem): Actual text and expected text of test object 'Object Repository/OrangeHRMPages/OrangeHRM_Search_OR/span_search' are matched.

27-01-2024T19:35:53 - [MESSAGE][PASSED] - Actual text and expected text of test object 'Object Repository/OrangeHRMPages/OrangeHRM_Search_OR/span_search' are matched.]]></system-out>
         <system-err><![CDATA[]]></system-err>
      </testcase>
      <testcase name="Test Cases/Data Driven/TC_OrangeHRM_Search_004" time="1.671" classname="Test Cases/Data Driven/TC_OrangeHRM_Search_004" status="PASSED">
         <system-out><![CDATA[27-01-2024T19:35:53 - [TEST_CASE][PASSED] - Test Cases/Data Driven/TC_OrangeHRM_Search_004: Test Cases/Data Driven/TC_OrangeHRM_Search_004

27-01-2024T19:35:53 - [TEST_STEP][PASSED] - Start setup action : setupTestCase: Method 'setupTestCase' complete successfully

27-01-2024T19:35:53 - [TEST_STEP][PASSED] - commonUtils.Utils.clearText(findTestObject("OrangeHRMPages/OrangeHRM_Search_OR/input_Admin_oxd-input oxd-input--focus")): commonUtils.Utils.clearText is PASSED

27-01-2024T19:35:54 - [MESSAGE][PASSED] - Keys 'CONTROL + a' sent to object: 'Object Repository/OrangeHRMPages/OrangeHRM_Search_OR/input_Admin_oxd-input oxd-input--focus'

27-01-2024T19:35:54 - [MESSAGE][PASSED] - Keys 'BACK_SPACE + ' sent to object: 'Object Repository/OrangeHRMPages/OrangeHRM_Search_OR/input_Admin_oxd-input oxd-input--focus'

27-01-2024T19:35:54 - [MESSAGE][PASSED] - commonUtils.Utils.clearText is PASSED

27-01-2024T19:35:54 - [MESSAGE][PASSED] - Method 'setupTestCase' complete successfully

27-01-2024T19:35:54 - [TEST_STEP][PASSED] - setText(findTestObject("Object Repository/OrangeHRMPages/OrangeHRM_Search_OR/input_Admin_oxd-input oxd-input--focus"), searchItem): Text 'Performance' is set on object 'Object Repository/OrangeHRMPages/OrangeHRM_Search_OR/input_Admin_oxd-input oxd-input--focus'

27-01-2024T19:35:55 - [MESSAGE][PASSED] - Text 'Performance' is set on object 'Object Repository/OrangeHRMPages/OrangeHRM_Search_OR/input_Admin_oxd-input oxd-input--focus'

27-01-2024T19:35:55 - [TEST_STEP][PASSED] - verifyElementText(findTestObject("Object Repository/OrangeHRMPages/OrangeHRM_Search_OR/span_search"), searchItem): Actual text and expected text of test object 'Object Repository/OrangeHRMPages/OrangeHRM_Search_OR/span_search' are matched.

27-01-2024T19:35:55 - [MESSAGE][PASSED] - Actual text and expected text of test object 'Object Repository/OrangeHRMPages/OrangeHRM_Search_OR/span_search' are matched.]]></system-out>
         <system-err><![CDATA[]]></system-err>
      </testcase>
      <testcase name="Test Cases/Data Driven/TC_OrangeHRM_Search_004" time="1.686" classname="Test Cases/Data Driven/TC_OrangeHRM_Search_004" status="PASSED">
         <system-out><![CDATA[27-01-2024T19:35:55 - [TEST_CASE][PASSED] - Test Cases/Data Driven/TC_OrangeHRM_Search_004: Test Cases/Data Driven/TC_OrangeHRM_Search_004

27-01-2024T19:35:55 - [TEST_STEP][PASSED] - Start setup action : setupTestCase: Method 'setupTestCase' complete successfully

27-01-2024T19:35:55 - [TEST_STEP][PASSED] - commonUtils.Utils.clearText(findTestObject("OrangeHRMPages/OrangeHRM_Search_OR/input_Admin_oxd-input oxd-input--focus")): commonUtils.Utils.clearText is PASSED

27-01-2024T19:35:55 - [MESSAGE][PASSED] - Keys 'CONTROL + a' sent to object: 'Object Repository/OrangeHRMPages/OrangeHRM_Search_OR/input_Admin_oxd-input oxd-input--focus'

27-01-2024T19:35:56 - [MESSAGE][PASSED] - Keys 'BACK_SPACE + ' sent to object: 'Object Repository/OrangeHRMPages/OrangeHRM_Search_OR/input_Admin_oxd-input oxd-input--focus'

27-01-2024T19:35:56 - [MESSAGE][PASSED] - commonUtils.Utils.clearText is PASSED

27-01-2024T19:35:56 - [MESSAGE][PASSED] - Method 'setupTestCase' complete successfully

27-01-2024T19:35:56 - [TEST_STEP][PASSED] - setText(findTestObject("Object Repository/OrangeHRMPages/OrangeHRM_Search_OR/input_Admin_oxd-input oxd-input--focus"), searchItem): Text 'Dashboard' is set on object 'Object Repository/OrangeHRMPages/OrangeHRM_Search_OR/input_Admin_oxd-input oxd-input--focus'

27-01-2024T19:35:56 - [MESSAGE][PASSED] - Text 'Dashboard' is set on object 'Object Repository/OrangeHRMPages/OrangeHRM_Search_OR/input_Admin_oxd-input oxd-input--focus'

27-01-2024T19:35:56 - [TEST_STEP][PASSED] - verifyElementText(findTestObject("Object Repository/OrangeHRMPages/OrangeHRM_Search_OR/span_search"), searchItem): Actual text and expected text of test object 'Object Repository/OrangeHRMPages/OrangeHRM_Search_OR/span_search' are matched.

27-01-2024T19:35:57 - [MESSAGE][PASSED] - Actual text and expected text of test object 'Object Repository/OrangeHRMPages/OrangeHRM_Search_OR/span_search' are matched.]]></system-out>
         <system-err><![CDATA[]]></system-err>
      </testcase>
      <testcase name="Test Cases/Data Driven/TC_OrangeHRM_Search_004" time="1.679" classname="Test Cases/Data Driven/TC_OrangeHRM_Search_004" status="PASSED">
         <system-out><![CDATA[27-01-2024T19:35:57 - [TEST_CASE][PASSED] - Test Cases/Data Driven/TC_OrangeHRM_Search_004: Test Cases/Data Driven/TC_OrangeHRM_Search_004

27-01-2024T19:35:57 - [TEST_STEP][PASSED] - Start setup action : setupTestCase: Method 'setupTestCase' complete successfully

27-01-2024T19:35:57 - [TEST_STEP][PASSED] - commonUtils.Utils.clearText(findTestObject("OrangeHRMPages/OrangeHRM_Search_OR/input_Admin_oxd-input oxd-input--focus")): commonUtils.Utils.clearText is PASSED

27-01-2024T19:35:57 - [MESSAGE][PASSED] - Keys 'CONTROL + a' sent to object: 'Object Repository/OrangeHRMPages/OrangeHRM_Search_OR/input_Admin_oxd-input oxd-input--focus'

27-01-2024T19:35:57 - [MESSAGE][PASSED] - Keys 'BACK_SPACE + ' sent to object: 'Object Repository/OrangeHRMPages/OrangeHRM_Search_OR/input_Admin_oxd-input oxd-input--focus'

27-01-2024T19:35:57 - [MESSAGE][PASSED] - commonUtils.Utils.clearText is PASSED

27-01-2024T19:35:57 - [MESSAGE][PASSED] - Method 'setupTestCase' complete successfully

27-01-2024T19:35:57 - [TEST_STEP][PASSED] - setText(findTestObject("Object Repository/OrangeHRMPages/OrangeHRM_Search_OR/input_Admin_oxd-input oxd-input--focus"), searchItem): Text 'Directory' is set on object 'Object Repository/OrangeHRMPages/OrangeHRM_Search_OR/input_Admin_oxd-input oxd-input--focus'

27-01-2024T19:35:58 - [MESSAGE][PASSED] - Text 'Directory' is set on object 'Object Repository/OrangeHRMPages/OrangeHRM_Search_OR/input_Admin_oxd-input oxd-input--focus'

27-01-2024T19:35:58 - [TEST_STEP][PASSED] - verifyElementText(findTestObject("Object Repository/OrangeHRMPages/OrangeHRM_Search_OR/span_search"), searchItem): Actual text and expected text of test object 'Object Repository/OrangeHRMPages/OrangeHRM_Search_OR/span_search' are matched.

27-01-2024T19:35:58 - [MESSAGE][PASSED] - Actual text and expected text of test object 'Object Repository/OrangeHRMPages/OrangeHRM_Search_OR/span_search' are matched.]]></system-out>
         <system-err><![CDATA[]]></system-err>
      </testcase>
      <testcase name="Test Cases/Data Driven/TC_OrangeHRM_Search_004" time="1.682" classname="Test Cases/Data Driven/TC_OrangeHRM_Search_004" status="PASSED">
         <system-out><![CDATA[27-01-2024T19:35:59 - [TEST_CASE][PASSED] - Test Cases/Data Driven/TC_OrangeHRM_Search_004: Test Cases/Data Driven/TC_OrangeHRM_Search_004

27-01-2024T19:35:59 - [TEST_STEP][PASSED] - Start setup action : setupTestCase: Method 'setupTestCase' complete successfully

27-01-2024T19:35:59 - [TEST_STEP][PASSED] - commonUtils.Utils.clearText(findTestObject("OrangeHRMPages/OrangeHRM_Search_OR/input_Admin_oxd-input oxd-input--focus")): commonUtils.Utils.clearText is PASSED

27-01-2024T19:35:59 - [MESSAGE][PASSED] - Keys 'CONTROL + a' sent to object: 'Object Repository/OrangeHRMPages/OrangeHRM_Search_OR/input_Admin_oxd-input oxd-input--focus'

27-01-2024T19:35:59 - [MESSAGE][PASSED] - Keys 'BACK_SPACE + ' sent to object: 'Object Repository/OrangeHRMPages/OrangeHRM_Search_OR/input_Admin_oxd-input oxd-input--focus'

27-01-2024T19:35:59 - [MESSAGE][PASSED] - commonUtils.Utils.clearText is PASSED

27-01-2024T19:35:59 - [MESSAGE][PASSED] - Method 'setupTestCase' complete successfully

27-01-2024T19:35:59 - [TEST_STEP][PASSED] - setText(findTestObject("Object Repository/OrangeHRMPages/OrangeHRM_Search_OR/input_Admin_oxd-input oxd-input--focus"), searchItem): Text 'Maintenance' is set on object 'Object Repository/OrangeHRMPages/OrangeHRM_Search_OR/input_Admin_oxd-input oxd-input--focus'

27-01-2024T19:36:00 - [MESSAGE][PASSED] - Text 'Maintenance' is set on object 'Object Repository/OrangeHRMPages/OrangeHRM_Search_OR/input_Admin_oxd-input oxd-input--focus'

27-01-2024T19:36:00 - [TEST_STEP][PASSED] - verifyElementText(findTestObject("Object Repository/OrangeHRMPages/OrangeHRM_Search_OR/span_search"), searchItem): Actual text and expected text of test object 'Object Repository/OrangeHRMPages/OrangeHRM_Search_OR/span_search' are matched.

27-01-2024T19:36:00 - [MESSAGE][PASSED] - Actual text and expected text of test object 'Object Repository/OrangeHRMPages/OrangeHRM_Search_OR/span_search' are matched.]]></system-out>
         <system-err><![CDATA[]]></system-err>
      </testcase>
      <testcase name="Test Cases/Data Driven/TC_OrangeHRM_Search_004" time="1.627" classname="Test Cases/Data Driven/TC_OrangeHRM_Search_004" status="PASSED">
         <system-out><![CDATA[27-01-2024T19:36:00 - [TEST_CASE][PASSED] - Test Cases/Data Driven/TC_OrangeHRM_Search_004: Test Cases/Data Driven/TC_OrangeHRM_Search_004

27-01-2024T19:36:00 - [TEST_STEP][PASSED] - Start setup action : setupTestCase: Method 'setupTestCase' complete successfully

27-01-2024T19:36:00 - [TEST_STEP][PASSED] - commonUtils.Utils.clearText(findTestObject("OrangeHRMPages/OrangeHRM_Search_OR/input_Admin_oxd-input oxd-input--focus")): commonUtils.Utils.clearText is PASSED

27-01-2024T19:36:00 - [MESSAGE][PASSED] - Keys 'CONTROL + a' sent to object: 'Object Repository/OrangeHRMPages/OrangeHRM_Search_OR/input_Admin_oxd-input oxd-input--focus'

27-01-2024T19:36:01 - [MESSAGE][PASSED] - Keys 'BACK_SPACE + ' sent to object: 'Object Repository/OrangeHRMPages/OrangeHRM_Search_OR/input_Admin_oxd-input oxd-input--focus'

27-01-2024T19:36:01 - [MESSAGE][PASSED] - commonUtils.Utils.clearText is PASSED

27-01-2024T19:36:01 - [MESSAGE][PASSED] - Method 'setupTestCase' complete successfully

27-01-2024T19:36:01 - [TEST_STEP][PASSED] - setText(findTestObject("Object Repository/OrangeHRMPages/OrangeHRM_Search_OR/input_Admin_oxd-input oxd-input--focus"), searchItem): Text 'Claim' is set on object 'Object Repository/OrangeHRMPages/OrangeHRM_Search_OR/input_Admin_oxd-input oxd-input--focus'

27-01-2024T19:36:01 - [MESSAGE][PASSED] - Text 'Claim' is set on object 'Object Repository/OrangeHRMPages/OrangeHRM_Search_OR/input_Admin_oxd-input oxd-input--focus'

27-01-2024T19:36:01 - [TEST_STEP][PASSED] - verifyElementText(findTestObject("Object Repository/OrangeHRMPages/OrangeHRM_Search_OR/span_search"), searchItem): Actual text and expected text of test object 'Object Repository/OrangeHRMPages/OrangeHRM_Search_OR/span_search' are matched.

27-01-2024T19:36:02 - [MESSAGE][PASSED] - Actual text and expected text of test object 'Object Repository/OrangeHRMPages/OrangeHRM_Search_OR/span_search' are matched.]]></system-out>
         <system-err><![CDATA[]]></system-err>
      </testcase>
      <testcase name="Test Cases/Data Driven/TC_OrangeHRM_Search_004" time="1.677" classname="Test Cases/Data Driven/TC_OrangeHRM_Search_004" status="PASSED">
         <system-out><![CDATA[27-01-2024T19:36:02 - [TEST_CASE][PASSED] - Test Cases/Data Driven/TC_OrangeHRM_Search_004: Test Cases/Data Driven/TC_OrangeHRM_Search_004

27-01-2024T19:36:02 - [TEST_STEP][PASSED] - Start setup action : setupTestCase: Method 'setupTestCase' complete successfully

27-01-2024T19:36:02 - [TEST_STEP][PASSED] - commonUtils.Utils.clearText(findTestObject("OrangeHRMPages/OrangeHRM_Search_OR/input_Admin_oxd-input oxd-input--focus")): commonUtils.Utils.clearText is PASSED

27-01-2024T19:36:02 - [MESSAGE][PASSED] - Keys 'CONTROL + a' sent to object: 'Object Repository/OrangeHRMPages/OrangeHRM_Search_OR/input_Admin_oxd-input oxd-input--focus'

27-01-2024T19:36:02 - [MESSAGE][PASSED] - Keys 'BACK_SPACE + ' sent to object: 'Object Repository/OrangeHRMPages/OrangeHRM_Search_OR/input_Admin_oxd-input oxd-input--focus'

27-01-2024T19:36:02 - [MESSAGE][PASSED] - commonUtils.Utils.clearText is PASSED

27-01-2024T19:36:02 - [MESSAGE][PASSED] - Method 'setupTestCase' complete successfully

27-01-2024T19:36:02 - [TEST_STEP][PASSED] - setText(findTestObject("Object Repository/OrangeHRMPages/OrangeHRM_Search_OR/input_Admin_oxd-input oxd-input--focus"), searchItem): Text 'Buzz' is set on object 'Object Repository/OrangeHRMPages/OrangeHRM_Search_OR/input_Admin_oxd-input oxd-input--focus'

27-01-2024T19:36:03 - [MESSAGE][PASSED] - Text 'Buzz' is set on object 'Object Repository/OrangeHRMPages/OrangeHRM_Search_OR/input_Admin_oxd-input oxd-input--focus'

27-01-2024T19:36:03 - [TEST_STEP][PASSED] - verifyElementText(findTestObject("Object Repository/OrangeHRMPages/OrangeHRM_Search_OR/span_search"), searchItem): Actual text and expected text of test object 'Object Repository/OrangeHRMPages/OrangeHRM_Search_OR/span_search' are matched.

27-01-2024T19:36:04 - [MESSAGE][PASSED] - Actual text and expected text of test object 'Object Repository/OrangeHRMPages/OrangeHRM_Search_OR/span_search' are matched.]]></system-out>
         <system-err><![CDATA[]]></system-err>
      </testcase>
      <system-out><![CDATA[27-01-2024T19:35:30 - [TEST_SUITE][PASSED] - OrangeHRM_TestSuite_Search_002: Test Cases/Data Driven/TC_OrangeHRM_Search_004]]></system-out>
      <system-err><![CDATA[]]></system-err>
   </testsuite>
</testsuites>
